<?xml version="1.0" encoding="UTF-8"?>
<testng-results ignored="0" total="4" passed="4" failed="0" skipped="0">
  <reporter-output>
  </reporter-output>
  <suite started-at="2023-07-25T14:05:47 NPT" name="PetSuite" finished-at="2023-07-25T14:05:58 NPT" duration-ms="10658">
    <groups>
    </groups>
    <test started-at="2023-07-25T14:05:47 NPT" name="PetTest" finished-at="2023-07-25T14:05:58 NPT" duration-ms="10658">
      <class name="api.test.UserTests">
        <test-method is-config="true" signature="setupData()[pri:0, instance:api.test.UserTests@47af7f3d]" started-at="2023-07-25T14:05:47 NPT" name="setupData" finished-at="2023-07-25T14:05:48 NPT" duration-ms="1024" status="PASS">
          <reporter-output>
          </reporter-output>
        </test-method> <!-- setupData -->
        <test-method signature="testPostUser()[pri:1, instance:api.test.UserTests@47af7f3d]" started-at="2023-07-25T14:05:48 NPT" name="testPostUser" finished-at="2023-07-25T14:05:52 NPT" duration-ms="3664" status="PASS">
          <reporter-output>
          </reporter-output>
        </test-method> <!-- testPostUser -->
        <test-method signature="testGetUserByName()[pri:2, instance:api.test.UserTests@47af7f3d]" started-at="2023-07-25T14:05:52 NPT" name="testGetUserByName" finished-at="2023-07-25T14:05:53 NPT" duration-ms="1401" status="PASS">
          <reporter-output>
          </reporter-output>
        </test-method> <!-- testGetUserByName -->
        <test-method signature="testUpdateUserByName()[pri:3, instance:api.test.UserTests@47af7f3d]" started-at="2023-07-25T14:05:53 NPT" name="testUpdateUserByName" finished-at="2023-07-25T14:05:56 NPT" duration-ms="2855" status="PASS">
          <reporter-output>
          </reporter-output>
        </test-method> <!-- testUpdateUserByName -->
        <test-method signature="testDeleteUserByName()[pri:4, instance:api.test.UserTests@47af7f3d]" started-at="2023-07-25T14:05:56 NPT" name="testDeleteUserByName" finished-at="2023-07-25T14:05:58 NPT" duration-ms="1438" status="PASS">
          <reporter-output>
          </reporter-output>
        </test-method> <!-- testDeleteUserByName -->
      </class> <!-- api.test.UserTests -->
    </test> <!-- PetTest -->
  </suite> <!-- PetSuite -->
</testng-results>
