<?xml version="1.0" encoding="UTF-8"?>
<!-- Generated by org.testng.reporters.JUnitXMLReporter -->
<testsuite ignored="0" hostname="aitslpt-SarojP" failures="0" tests="4" name="PetTest" time="9.896" errors="0" timestamp="2023-07-25T08:43:29 NPT">
  <testcase classname="api.test.UserTests" name="testPostUser" time="3.161"/>
  <testcase classname="api.test.UserTests" name="testGetUserByName" time="1.351"/>
  <testcase classname="api.test.UserTests" name="testUpdateUserByName" time="2.801"/>
  <testcase classname="api.test.UserTests" name="testDeleteUserByName" time="1.448"/>
</testsuite> <!-- PetTest -->
