<?xml version="1.0" encoding="UTF-8"?>
<!-- Generated by org.testng.reporters.JUnitXMLReporter -->
<testsuite ignored="0" hostname="aitslpt-SarojP" failures="0" tests="4" name="PetTest" time="9.969" errors="0" timestamp="2023-07-24T09:05:22 NPT">
  <testcase classname="api.test.UserTests" name="testPostUser" time="4.255"/>
  <testcase classname="api.test.UserTests" name="testGetUserByName" time="1.291"/>
  <testcase classname="api.test.UserTests" name="testUpdateUserByName" time="2.443"/>
  <testcase classname="api.test.UserTests" name="testDeleteUserByName" time="1.211"/>
</testsuite> <!-- PetTest -->
